<?xml version="1.0" encoding="UTF-8"?>
<!-- Generated by org.testng.reporters.JUnitXMLReporter -->
<testsuite ignored="0" hostname="Mustafizurs-MacBook-Air.local" failures="0" tests="2" name="smoketest - MayBreezeQAF" time="1.015" errors="0" timestamp="10 Jul 2022 17:28:33 GMT">
  <testcase classname="io.cucumber.testng.AbstractTestNGCucumberTests" name="runScenario" time="0.258"/>
  <testcase classname="io.cucumber.testng.AbstractTestNGCucumberTests" name="runScenario" time="0.014"/>
</testsuite> <!-- smoketest - MayBreezeQAF -->
