<?xml version="1.0" encoding="UTF-8"?>
<testng-results ignored="0" total="0" passed="0" failed="0" skipped="0">
  <reporter-output>
  </reporter-output>
  <suite started-at="2022-07-16T14:51:40Z" name="Default suite" finished-at="2022-07-16T14:51:41Z" duration-ms="743">
    <groups>
      <group name="cucumber">
        <method signature="AbstractTestNGCucumberTests.runScenario(io.cucumber.testng.PickleWrapper, io.cucumber.testng.FeatureWrapper)[pri:0, instance:com.careerhack.runners.TestRunner@39d9314d]" name="runScenario" class="io.cucumber.testng.AbstractTestNGCucumberTests"/>
      </group> <!-- cucumber -->
    </groups>
    <test started-at="2022-07-16T14:51:40Z" name="Default test" finished-at="2022-07-16T14:51:41Z" duration-ms="743">
      <class name="com.careerhack.runners.TestRunner">
        <test-method is-config="true" signature="setUpClass()[pri:0, instance:com.careerhack.runners.TestRunner@39d9314d]" started-at="2022-07-16T14:51:40Z" name="setUpClass" finished-at="2022-07-16T14:51:41Z" duration-ms="696" status="PASS">
          <reporter-output>
          </reporter-output>
        </test-method> <!-- setUpClass -->
        <test-method is-config="true" signature="tearDownClass()[pri:0, instance:com.careerhack.runners.TestRunner@39d9314d]" started-at="2022-07-16T14:51:41Z" name="tearDownClass" finished-at="2022-07-16T14:51:41Z" duration-ms="17" status="PASS">
          <reporter-output>
          </reporter-output>
        </test-method> <!-- tearDownClass -->
      </class> <!-- com.careerhack.runners.TestRunner -->
    </test> <!-- Default test -->
  </suite> <!-- Default suite -->
</testng-results>
